<?xml version="1.0" encoding="UTF-8"?>
<!-- Generated by org.testng.reporters.JUnitXMLReporter -->
<testsuite ignored="0" hostname="thuvvareka.local" failures="0" tests="2" name="Account creation via email address" time="38.045" errors="0" timestamp="08 Aug 2020 19:47:30 GMT">
  <testcase classname="tests.EmailAccountCreationTest" name="emailAccountCreationTest" time="34.738"/>
  <testcase classname="tests.EmailAccountCreationTest" name="signOutTest" time="1.547"/>
</testsuite> <!-- Account creation via email address -->
