<?xml version="1.0" encoding="UTF-8"?>
<testng-results ignored="0" total="3" passed="2" failed="1" skipped="0">
  <reporter-output>
  </reporter-output>
  <suite started-at="2020-08-08T19:47:30Z" name="Pastbook creation" finished-at="2020-08-08T19:49:01Z" duration-ms="90666">
    <groups>
    </groups>
    <test started-at="2020-08-08T19:47:30Z" name="Pastbook creation by title and image upload" finished-at="2020-08-08T19:49:01Z" duration-ms="90666">
      <class name="tests.PastBookCreationTest">
        <test-method is-config="true" signature="baseSetup()[pri:0, instance:tests.PastBookCreationTest@58ea606c]" started-at="2020-08-08T19:47:30Z" name="baseSetup" finished-at="2020-08-08T19:47:31Z" duration-ms="1215" status="PASS">
          <reporter-output>
          </reporter-output>
        </test-method> <!-- baseSetup -->
        <test-method is-config="true" signature="base()[pri:0, instance:tests.PastBookCreationTest@58ea606c]" started-at="2020-08-08T19:47:31Z" name="base" finished-at="2020-08-08T19:47:31Z" duration-ms="2" status="PASS">
          <reporter-output>
          </reporter-output>
        </test-method> <!-- base -->
        <test-method is-config="true" signature="signIn()[pri:0, instance:tests.PastBookCreationTest@58ea606c]" started-at="2020-08-08T19:47:31Z" name="signIn" finished-at="2020-08-08T19:47:54Z" duration-ms="22455" status="PASS">
          <reporter-output>
          </reporter-output>
        </test-method> <!-- signIn -->
        <test-method signature="emailAccountCreationTest()[pri:0, instance:tests.PastBookCreationTest@58ea606c]" started-at="2020-08-08T19:47:54Z" name="emailAccountCreationTest" finished-at="2020-08-08T19:49:01Z" duration-ms="66827" status="FAIL">
          <exception class="org.openqa.selenium.TimeoutException">
            <message>
              <![CDATA[Expected condition failed: waiting for visibility of element located by By.xpath: //div[@class='book-closed-message-title (tried for 25 second(s) with 500 milliseconds interval)]]>
            </message>
            <full-stacktrace>
              <![CDATA[org.openqa.selenium.TimeoutException: Expected condition failed: waiting for visibility of element located by By.xpath: //div[@class='book-closed-message-title (tried for 25 second(s) with 500 milliseconds interval)
at org.openqa.selenium.support.ui.WebDriverWait.timeoutException(WebDriverWait.java:81)
at org.openqa.selenium.support.ui.FluentWait.until(FluentWait.java:271)
at pages.PastBookCreation.addPastBook(PastBookCreation.java:50)
at tests.PastBookCreationTest.emailAccountCreationTest(PastBookCreationTest.java:39)
at java.base/jdk.internal.reflect.NativeMethodAccessorImpl.invoke0(Native Method)
at java.base/jdk.internal.reflect.NativeMethodAccessorImpl.invoke(NativeMethodAccessorImpl.java:62)
at java.base/jdk.internal.reflect.DelegatingMethodAccessorImpl.invoke(DelegatingMethodAccessorImpl.java:43)
at java.base/java.lang.reflect.Method.invoke(Method.java:566)
at org.testng.internal.MethodInvocationHelper.invokeMethod(MethodInvocationHelper.java:124)
at org.testng.internal.Invoker.invokeMethod(Invoker.java:583)
at org.testng.internal.Invoker.invokeTestMethod(Invoker.java:719)
at org.testng.internal.Invoker.invokeTestMethods(Invoker.java:989)
at org.testng.internal.TestMethodWorker.invokeTestMethods(TestMethodWorker.java:125)
at org.testng.internal.TestMethodWorker.run(TestMethodWorker.java:109)
at org.testng.TestRunner.privateRun(TestRunner.java:648)
at org.testng.TestRunner.run(TestRunner.java:505)
at org.testng.SuiteRunner.runTest(SuiteRunner.java:455)
at org.testng.SuiteRunner.runSequentially(SuiteRunner.java:450)
at org.testng.SuiteRunner.privateRun(SuiteRunner.java:415)
at org.testng.SuiteRunner.run(SuiteRunner.java:364)
at org.testng.SuiteRunnerWorker.runSuite(SuiteRunnerWorker.java:52)
at org.testng.SuiteRunnerWorker.run(SuiteRunnerWorker.java:84)
at org.testng.TestNG.runSuitesSequentially(TestNG.java:1208)
at org.testng.TestNG.runSuitesSequentially(TestNG.java:1204)
at org.testng.TestNG.runSuitesLocally(TestNG.java:1137)
at org.testng.TestNG.runSuites(TestNG.java:1049)
at org.testng.TestNG.run(TestNG.java:1017)
at org.apache.maven.surefire.testng.TestNGExecutor.run(TestNGExecutor.java:281)
at org.apache.maven.surefire.testng.TestNGXmlTestSuite.execute(TestNGXmlTestSuite.java:75)
at org.apache.maven.surefire.testng.TestNGProvider.invoke(TestNGProvider.java:121)
at org.apache.maven.surefire.booter.ForkedBooter.invokeProviderInSameClassLoader(ForkedBooter.java:290)
at org.apache.maven.surefire.booter.ForkedBooter.runSuitesInProcess(ForkedBooter.java:242)
at org.apache.maven.surefire.booter.ForkedBooter.main(ForkedBooter.java:121)
Caused by: org.openqa.selenium.InvalidSelectorException: invalid selector: Unable to locate an element with the xpath expression //div[@class='book-closed-message-title because of the following error:
SyntaxError: Failed to execute 'evaluate' on 'Document': The string '//div[@class='book-closed-message-title' is not a valid XPath expression.
  (Session info: chrome=84.0.4147.105)
For documentation on this error, please visit: http://seleniumhq.org/exceptions/invalid_selector_exception.html
Build info: version: '3.12.0', revision: '7c6e0b3', time: '2018-05-08T14:04:26.12Z'
System info: host: 'thuvvareka.local', ip: 'fe80:0:0:0:145d:9299:86d8:3f95%en0', os.name: 'Mac OS X', os.arch: 'x86_64', os.version: '10.15.5', java.version: '11.0.6'
Driver info: org.openqa.selenium.chrome.ChromeDriver
Capabilities {acceptInsecureCerts: false, browserName: chrome, browserVersion: 84.0.4147.105, chrome: {chromedriverVersion: 83.0.4103.39 (ccbf011cb2d2b..., userDataDir: /var/folders/x4/vpjx3s_x2n5...}, goog:chromeOptions: {debuggerAddress: localhost:54010}, javascriptEnabled: true, networkConnectionEnabled: false, pageLoadStrategy: normal, platform: MAC, platformName: MAC, proxy: Proxy(), setWindowRect: true, strictFileInteractability: false, timeouts: {implicit: 0, pageLoad: 300000, script: 30000}, unhandledPromptBehavior: dismiss and notify, webauthn:virtualAuthenticators: true}
Session ID: 0ec400678b1a90d6e54c306fdb35d71a
*** Element info: {Using=xpath, value=//div[@class='book-closed-message-title}
at jdk.internal.reflect.GeneratedConstructorAccessor7.newInstance(Unknown Source)
at java.base/jdk.internal.reflect.DelegatingConstructorAccessorImpl.newInstance(DelegatingConstructorAccessorImpl.java:45)
at java.base/java.lang.reflect.Constructor.newInstance(Constructor.java:490)
at org.openqa.selenium.remote.http.W3CHttpResponseCodec.createException(W3CHttpResponseCodec.java:187)
at org.openqa.selenium.remote.http.W3CHttpResponseCodec.decode(W3CHttpResponseCodec.java:122)
at org.openqa.selenium.remote.http.W3CHttpResponseCodec.decode(W3CHttpResponseCodec.java:49)
at org.openqa.selenium.remote.HttpCommandExecutor.execute(HttpCommandExecutor.java:158)
at org.openqa.selenium.remote.service.DriverCommandExecutor.execute(DriverCommandExecutor.java:83)
at org.openqa.selenium.remote.RemoteWebDriver.execute(RemoteWebDriver.java:543)
at org.openqa.selenium.remote.RemoteWebDriver.findElements(RemoteWebDriver.java:344)
at org.openqa.selenium.remote.RemoteWebDriver.findElementsByXPath(RemoteWebDriver.java:423)
at org.openqa.selenium.By$ByXPath.findElements(By.java:348)
at org.openqa.selenium.remote.RemoteWebDriver.findElements(RemoteWebDriver.java:305)
at org.openqa.selenium.support.ui.ExpectedConditions.findElement(ExpectedConditions.java:895)
at org.openqa.selenium.support.ui.ExpectedConditions.access$000(ExpectedConditions.java:44)
at org.openqa.selenium.support.ui.ExpectedConditions$7.apply(ExpectedConditions.java:206)
at org.openqa.selenium.support.ui.ExpectedConditions$7.apply(ExpectedConditions.java:202)
at org.openqa.selenium.support.ui.FluentWait.until(FluentWait.java:248)
... 31 more
]]>
            </full-stacktrace>
          </exception> <!-- org.openqa.selenium.TimeoutException -->
          <reporter-output>
          </reporter-output>
        </test-method> <!-- emailAccountCreationTest -->
        <test-method is-config="true" signature="teardown()[pri:0, instance:tests.PastBookCreationTest@58ea606c]" started-at="2020-08-08T19:49:01Z" name="teardown" finished-at="2020-08-08T19:49:01Z" duration-ms="156" status="PASS">
          <reporter-output>
          </reporter-output>
        </test-method> <!-- teardown -->
      </class> <!-- tests.PastBookCreationTest -->
    </test> <!-- Pastbook creation by title and image upload -->
  </suite> <!-- Pastbook creation -->
  <suite started-at="2020-08-08T19:49:01Z" name="TestNG suite" finished-at="2020-08-08T19:49:01Z" duration-ms="0">
    <groups>
    </groups>
  </suite> <!-- TestNG suite -->
  <suite started-at="2020-08-08T19:46:52Z" name="Pastbook email account creation" finished-at="2020-08-08T19:47:30Z" duration-ms="38045">
    <groups>
    </groups>
    <test started-at="2020-08-08T19:46:52Z" name="Account creation via email address" finished-at="2020-08-08T19:47:30Z" duration-ms="38045">
      <class name="tests.EmailAccountCreationTest">
        <test-method is-config="true" signature="baseSetup()[pri:0, instance:tests.EmailAccountCreationTest@71e9ddb4]" started-at="2020-08-08T19:46:52Z" name="baseSetup" finished-at="2020-08-08T19:46:54Z" duration-ms="1602" status="PASS">
          <reporter-output>
          </reporter-output>
        </test-method> <!-- baseSetup -->
        <test-method is-config="true" signature="base()[pri:0, instance:tests.EmailAccountCreationTest@71e9ddb4]" started-at="2020-08-08T19:46:54Z" name="base" finished-at="2020-08-08T19:46:54Z" duration-ms="9" status="PASS">
          <reporter-output>
          </reporter-output>
        </test-method> <!-- base -->
        <test-method signature="emailAccountCreationTest()[pri:0, instance:tests.EmailAccountCreationTest@71e9ddb4]" started-at="2020-08-08T19:46:54Z" name="emailAccountCreationTest" finished-at="2020-08-08T19:47:28Z" duration-ms="34738" status="PASS">
          <reporter-output>
          </reporter-output>
        </test-method> <!-- emailAccountCreationTest -->
        <test-method signature="signOutTest()[pri:0, instance:tests.EmailAccountCreationTest@71e9ddb4]" started-at="2020-08-08T19:47:28Z" name="signOutTest" finished-at="2020-08-08T19:47:30Z" duration-ms="1547" status="PASS">
          <reporter-output>
          </reporter-output>
        </test-method> <!-- signOutTest -->
        <test-method is-config="true" signature="teardown()[pri:0, instance:tests.EmailAccountCreationTest@71e9ddb4]" started-at="2020-08-08T19:47:30Z" name="teardown" finished-at="2020-08-08T19:47:30Z" duration-ms="132" status="PASS">
          <reporter-output>
          </reporter-output>
        </test-method> <!-- teardown -->
      </class> <!-- tests.EmailAccountCreationTest -->
    </test> <!-- Account creation via email address -->
  </suite> <!-- Pastbook email account creation -->
</testng-results>
